2020-04-02 16:35:08 - PHP Notice:  Array to string conversion in /Users/kuzmavladislavvladimirovic/Documents/2020/java_projects/OpenCartBackend/system/library/template/Twig/Environment.php(403) : eval()'d code on line 19
2020-04-11 11:43:35 - PHP Notice:  Array to string conversion in /Users/kuzmavladislavvladimirovic/Documents/2020/java_projects/OpenCartBackend/system/library/response.php on line 118
2020-04-11 19:58:18 - PHP Warning:  json_encode() expects parameter 2 to be integer, array given in /Users/kuzmavladislavvladimirovic/Documents/2020/java_projects/OpenCartBackend/catalog/controller/common/header.php on line 81
2020-04-11 19:58:22 - PHP Warning:  json_encode() expects parameter 2 to be integer, array given in /Users/kuzmavladislavvladimirovic/Documents/2020/java_projects/OpenCartBackend/catalog/controller/common/header.php on line 81
2020-04-17 9:58:08 - PHP Warning:  unlink(/Users/kuzmavladislavvladimirovic/Documents/2020/java_projects/OpenCartBackend/storage/cache/cache.currency.1587071763): No such file or directory in /Users/kuzmavladislavvladimirovic/Documents/2020/java_projects/OpenCartBackend/system/library/cache/file.php on line 17
2020-04-17 12:54:14 - PHP Notice:  Array to string conversion in /Users/kuzmavladislavvladimirovic/Documents/2020/java_projects/OpenCartBackend/system/library/template/Twig/Environment.php(403) : eval()'d code on line 23
2020-04-17 12:54:35 - PHP Notice:  Array to string conversion in /Users/kuzmavladislavvladimirovic/Documents/2020/java_projects/OpenCartBackend/system/library/template/Twig/Environment.php(403) : eval()'d code on line 23
2020-04-17 18:24:45 - PHP Notice:  Array to string conversion in /Users/kuzmavladislavvladimirovic/Documents/2020/java_projects/OpenCartBackend/system/library/template/Twig/Environment.php(403) : eval()'d code on line 70
2020-04-17 18:27:11 - PHP Notice:  Array to string conversion in /Users/kuzmavladislavvladimirovic/Documents/2020/java_projects/OpenCartBackend/system/library/template/Twig/Environment.php(403) : eval()'d code on line 70
2020-04-17 18:31:42 - PHP Notice:  Array to string conversion in /Users/kuzmavladislavvladimirovic/Documents/2020/java_projects/OpenCartBackend/system/library/template/Twig/Environment.php(404) : eval()'d code on line 70
2020-04-17 18:31:44 - PHP Notice:  Array to string conversion in /Users/kuzmavladislavvladimirovic/Documents/2020/java_projects/OpenCartBackend/system/library/template/Twig/Environment.php(404) : eval()'d code on line 70
2020-04-17 18:31:45 - PHP Notice:  Array to string conversion in /Users/kuzmavladislavvladimirovic/Documents/2020/java_projects/OpenCartBackend/system/library/template/Twig/Environment.php(404) : eval()'d code on line 70
2020-04-17 18:31:45 - PHP Notice:  Array to string conversion in /Users/kuzmavladislavvladimirovic/Documents/2020/java_projects/OpenCartBackend/system/library/template/Twig/Environment.php(404) : eval()'d code on line 70
2020-04-17 18:36:28 - PHP Notice:  Array to string conversion in /Users/kuzmavladislavvladimirovic/Documents/2020/java_projects/OpenCartBackend/system/library/template/Twig/Environment.php(403) : eval()'d code on line 70
2020-04-17 18:36:42 - PHP Notice:  Array to string conversion in /Users/kuzmavladislavvladimirovic/Documents/2020/java_projects/OpenCartBackend/system/library/template/Twig/Environment.php(403) : eval()'d code on line 70
2020-04-17 18:36:47 - PHP Notice:  Array to string conversion in /Users/kuzmavladislavvladimirovic/Documents/2020/java_projects/OpenCartBackend/system/library/template/Twig/Environment.php(403) : eval()'d code on line 70
2020-04-17 18:38:37 - PHP Notice:  Array to string conversion in /Users/kuzmavladislavvladimirovic/Documents/2020/java_projects/OpenCartBackend/system/library/template/Twig/Environment.php(403) : eval()'d code on line 70
2020-04-17 18:48:04 - PHP Notice:  Array to string conversion in /Users/kuzmavladislavvladimirovic/Documents/2020/java_projects/OpenCartBackend/system/library/template/Twig/Environment.php(403) : eval()'d code on line 70
2020-04-17 18:55:18 - PHP Notice:  Array to string conversion in /Users/kuzmavladislavvladimirovic/Documents/2020/java_projects/OpenCartBackend/system/library/template/Twig/Environment.php(403) : eval()'d code on line 70
2020-04-17 19:55:47 - PHP Notice:  Array to string conversion in /Users/kuzmavladislavvladimirovic/Documents/2020/java_projects/OpenCartBackend/system/library/template/Twig/Environment.php(403) : eval()'d code on line 70
2020-04-17 20:09:46 - PHP Notice:  Array to string conversion in /Users/kuzmavladislavvladimirovic/Documents/2020/java_projects/OpenCartBackend/system/library/template/Twig/Environment.php(403) : eval()'d code on line 51
2020-04-18 9:16:02 - PHP Notice:  Array to string conversion in /Users/kuzmavladislavvladimirovic/Documents/2020/java_projects/OpenCartBackend/system/library/template/Twig/Environment.php(403) : eval()'d code on line 70
2020-04-18 12:53:43 - PHP Warning:  unlink(/Users/kuzmavladislavvladimirovic/Documents/2020/java_projects/OpenCartBackend/storage/cache/cache.catalog.language.1587217916): No such file or directory in /Users/kuzmavladislavvladimirovic/Documents/2020/java_projects/OpenCartBackend/system/library/cache/file.php on line 68
2020-04-18 13:02:10 - PHP Warning:  unlink(/Users/kuzmavladislavvladimirovic/Documents/2020/java_projects/OpenCartBackend/storage/cache/cache.catalog.language.1587218465): No such file or directory in /Users/kuzmavladislavvladimirovic/Documents/2020/java_projects/OpenCartBackend/system/library/cache/file.php on line 68
2020-04-18 13:05:03 - PHP Warning:  unlink(/Users/kuzmavladislavvladimirovic/Documents/2020/java_projects/OpenCartBackend/storage/cache/cache.catalog.language.1587218636): No such file or directory in /Users/kuzmavladislavvladimirovic/Documents/2020/java_projects/OpenCartBackend/system/library/cache/file.php on line 68
2020-04-18 15:07:30 - PHP Notice:  Array to string conversion in /Users/kuzmavladislavvladimirovic/Documents/2020/java_projects/OpenCartBackend/system/library/template/Twig/Environment.php(403) : eval()'d code on line 73
2020-04-18 15:09:06 - PHP Notice:  Array to string conversion in /Users/kuzmavladislavvladimirovic/Documents/2020/java_projects/OpenCartBackend/system/library/template/Twig/Environment.php(403) : eval()'d code on line 73
2020-04-18 15:09:08 - PHP Notice:  Array to string conversion in /Users/kuzmavladislavvladimirovic/Documents/2020/java_projects/OpenCartBackend/system/library/template/Twig/Environment.php(403) : eval()'d code on line 73
2020-04-18 15:09:41 - PHP Notice:  Array to string conversion in /Users/kuzmavladislavvladimirovic/Documents/2020/java_projects/OpenCartBackend/system/library/template/Twig/Environment.php(403) : eval()'d code on line 73
2020-04-18 15:09:42 - PHP Notice:  Array to string conversion in /Users/kuzmavladislavvladimirovic/Documents/2020/java_projects/OpenCartBackend/system/library/template/Twig/Environment.php(403) : eval()'d code on line 73
2020-04-18 19:14:10 - PHP Notice:  Array to string conversion in /Users/kuzmavladislavvladimirovic/Documents/2020/java_projects/OpenCartBackend/system/library/template/Twig/Environment.php(403) : eval()'d code on line 88
2020-04-18 19:14:13 - PHP Notice:  Array to string conversion in /Users/kuzmavladislavvladimirovic/Documents/2020/java_projects/OpenCartBackend/system/library/template/Twig/Environment.php(403) : eval()'d code on line 88
2020-04-18 19:24:47 - PHP Warning:  unlink(/Users/kuzmavladislavvladimirovic/Documents/2020/java_projects/OpenCartBackend/storage/cache/cache.catalog.language.1587241454): No such file or directory in /Users/kuzmavladislavvladimirovic/Documents/2020/java_projects/OpenCartBackend/system/library/cache/file.php on line 68
2020-04-18 20:52:04 - PHP Warning:  unlink(/Users/kuzmavladislavvladimirovic/Documents/2020/java_projects/OpenCartBackend/storage/cache/cache.currency.1587241200): No such file or directory in /Users/kuzmavladislavvladimirovic/Documents/2020/java_projects/OpenCartBackend/system/library/cache/file.php on line 17
2020-04-19 9:43:42 - PHP Notice:  Array to string conversion in /Users/kuzmavladislavvladimirovic/Documents/2020/java_projects/OpenCartBackend/system/library/template/Twig/Environment.php(403) : eval()'d code on line 88
2020-04-19 11:04:37 - PHP Warning:  unlink(/Users/kuzmavladislavvladimirovic/Documents/2020/java_projects/OpenCartBackend/storage/cache/cache.catalog.language.1587297809): No such file or directory in /Users/kuzmavladislavvladimirovic/Documents/2020/java_projects/OpenCartBackend/system/library/cache/file.php on line 68
2020-04-19 11:17:02 - PHP Notice:  Array to string conversion in /Users/kuzmavladislavvladimirovic/Documents/2020/java_projects/OpenCartBackend/system/library/template/Twig/Environment.php(403) : eval()'d code on line 88
2020-04-19 11:21:04 - PHP Notice:  Array to string conversion in /Users/kuzmavladislavvladimirovic/Documents/2020/java_projects/OpenCartBackend/system/library/template/Twig/Environment.php(403) : eval()'d code on line 88
2020-04-19 11:45:54 - PHP Warning:  unlink(/Users/kuzmavladislavvladimirovic/Documents/2020/java_projects/OpenCartBackend/storage/cache/cache.catalog.language.1587300301): No such file or directory in /Users/kuzmavladislavvladimirovic/Documents/2020/java_projects/OpenCartBackend/system/library/cache/file.php on line 68
2020-04-19 14:46:41 - PHP Warning:  unlink(/Users/kuzmavladislavvladimirovic/Documents/2020/java_projects/OpenCartBackend/storage/cache/cache.catalog.language.1587311201): No such file or directory in /Users/kuzmavladislavvladimirovic/Documents/2020/java_projects/OpenCartBackend/system/library/cache/file.php on line 68
2020-04-19 15:11:21 - PHP Notice:  Undefined index: code in /Users/kuzmavladislavvladimirovic/Documents/2020/java_projects/OpenCartBackend/catalog/controller/common/currency.php on line 62
2020-04-19 15:11:36 - PHP Notice:  Undefined index: code in /Users/kuzmavladislavvladimirovic/Documents/2020/java_projects/OpenCartBackend/catalog/controller/common/currency.php on line 62
2020-04-19 15:12:43 - PHP Notice:  Undefined index: code in /Users/kuzmavladislavvladimirovic/Documents/2020/java_projects/OpenCartBackend/catalog/controller/common/currency.php on line 62
2020-04-19 15:16:47 - PHP Notice:  Undefined index: code in /Users/kuzmavladislavvladimirovic/Documents/2020/java_projects/OpenCartBackend/catalog/controller/common/currency.php on line 62
2020-04-19 15:20:09 - PHP Notice:  Undefined index: code in /Users/kuzmavladislavvladimirovic/Documents/2020/java_projects/OpenCartBackend/catalog/controller/common/currency.php on line 62
2020-04-19 15:25:45 - PHP Notice:  Undefined index: code in /Users/kuzmavladislavvladimirovic/Documents/2020/java_projects/OpenCartBackend/catalog/controller/common/currency.php on line 62
2020-04-19 15:27:02 - PHP Notice:  Undefined index: code in /Users/kuzmavladislavvladimirovic/Documents/2020/java_projects/OpenCartBackend/catalog/controller/common/currency.php on line 62
2020-04-19 15:27:57 - PHP Notice:  Undefined index: code in /Users/kuzmavladislavvladimirovic/Documents/2020/java_projects/OpenCartBackend/catalog/controller/common/currency.php on line 62
2020-04-19 15:28:33 - PHP Notice:  Undefined index: code in /Users/kuzmavladislavvladimirovic/Documents/2020/java_projects/OpenCartBackend/catalog/controller/common/currency.php on line 62
2020-04-19 15:30:53 - PHP Notice:  Undefined index: code in /Users/kuzmavladislavvladimirovic/Documents/2020/java_projects/OpenCartBackend/catalog/controller/common/currency.php on line 62
2020-04-19 15:31:38 - PHP Notice:  Undefined index: code in /Users/kuzmavladislavvladimirovic/Documents/2020/java_projects/OpenCartBackend/catalog/controller/common/currency.php on line 62
2020-04-19 16:19:35 - PHP Notice:  Undefined index: code in /Users/kuzmavladislavvladimirovic/Documents/2020/java_projects/OpenCartBackend/catalog/controller/common/currency.php on line 62
2020-04-19 16:21:48 - PHP Notice:  Undefined index: code in /Users/kuzmavladislavvladimirovic/Documents/2020/java_projects/OpenCartBackend/catalog/controller/common/currency.php on line 52
2020-04-19 16:21:48 - PHP Notice:  Undefined index: code in /Users/kuzmavladislavvladimirovic/Documents/2020/java_projects/OpenCartBackend/catalog/controller/common/currency.php on line 63
2020-04-19 16:22:11 - PHP Notice:  Undefined index: code in /Users/kuzmavladislavvladimirovic/Documents/2020/java_projects/OpenCartBackend/catalog/controller/common/currency.php on line 63
2020-04-19 16:34:40 - PHP Warning:  unlink(/Users/kuzmavladislavvladimirovic/Documents/2020/java_projects/OpenCartBackend/storage/cache/cache.catalog.language.1587317680): No such file or directory in /Users/kuzmavladislavvladimirovic/Documents/2020/java_projects/OpenCartBackend/system/library/cache/file.php on line 68
2020-04-19 17:42:10 - PHP Notice:  Array to string conversion in /Users/kuzmavladislavvladimirovic/Documents/2020/java_projects/OpenCartBackend/system/library/template/Twig/Environment.php(403) : eval()'d code on line 88
2020-04-19 18:22:44 - PHP Warning:  unlink(/Users/kuzmavladislavvladimirovic/Documents/2020/java_projects/OpenCartBackend/storage/cache/cache.catalog.language.1587324164): No such file or directory in /Users/kuzmavladislavvladimirovic/Documents/2020/java_projects/OpenCartBackend/system/library/cache/file.php on line 68
2020-04-19 18:23:21 - PHP Notice:  Array to string conversion in /Users/kuzmavladislavvladimirovic/Documents/2020/java_projects/OpenCartBackend/system/library/template/Twig/Environment.php(403) : eval()'d code on line 88
2020-04-19 18:30:10 - PHP Notice:  Array to string conversion in /Users/kuzmavladislavvladimirovic/Documents/2020/java_projects/OpenCartBackend/system/library/template/Twig/Environment.php(403) : eval()'d code on line 88
2020-04-19 18:30:44 - PHP Notice:  Array to string conversion in /Users/kuzmavladislavvladimirovic/Documents/2020/java_projects/OpenCartBackend/system/library/template/Twig/Environment.php(403) : eval()'d code on line 88
2020-04-19 18:30:49 - PHP Notice:  Array to string conversion in /Users/kuzmavladislavvladimirovic/Documents/2020/java_projects/OpenCartBackend/system/library/template/Twig/Environment.php(403) : eval()'d code on line 88
2020-04-19 18:54:46 - PHP Notice:  Array to string conversion in /Users/kuzmavladislavvladimirovic/Documents/2020/java_projects/OpenCartBackend/system/library/template/Twig/Environment.php(403) : eval()'d code on line 88
2020-04-20 6:12:40 - PHP Warning:  unlink(/Users/kuzmavladislavvladimirovic/Documents/2020/java_projects/OpenCartBackend/storage/cache/cache.currency.1587325087): No such file or directory in /Users/kuzmavladislavvladimirovic/Documents/2020/java_projects/OpenCartBackend/system/library/cache/file.php on line 17
2020-04-20 6:12:56 - PHP Notice:  Array to string conversion in /Users/kuzmavladislavvladimirovic/Documents/2020/java_projects/OpenCartBackend/system/library/template/Twig/Environment.php(403) : eval()'d code on line 88
2020-04-20 6:29:24 - PHP Warning:  unlink(/Users/kuzmavladislavvladimirovic/Documents/2020/java_projects/OpenCartBackend/storage/cache/cache.catalog.language.1587367731): No such file or directory in /Users/kuzmavladislavvladimirovic/Documents/2020/java_projects/OpenCartBackend/system/library/cache/file.php on line 68
2020-04-20 18:07:13 - PHP Notice:  Array to string conversion in /Users/kuzmavladislavvladimirovic/Documents/2020/java_projects/OpenCartBackend/system/library/template/Twig/Environment.php(403) : eval()'d code on line 88
2020-04-20 18:07:20 - PHP Notice:  Array to string conversion in /Users/kuzmavladislavvladimirovic/Documents/2020/java_projects/OpenCartBackend/system/library/template/Twig/Environment.php(403) : eval()'d code on line 88
2020-04-20 18:08:35 - PHP Notice:  Array to string conversion in /Users/kuzmavladislavvladimirovic/Documents/2020/java_projects/OpenCartBackend/system/library/template/Twig/Environment.php(403) : eval()'d code on line 71
2020-04-20 18:14:28 - PHP Notice:  Array to string conversion in /Users/kuzmavladislavvladimirovic/Documents/2020/java_projects/OpenCartBackend/system/library/template/Twig/Environment.php(403) : eval()'d code on line 70
2020-04-20 18:14:34 - PHP Notice:  Array to string conversion in /Users/kuzmavladislavvladimirovic/Documents/2020/java_projects/OpenCartBackend/system/library/template/Twig/Environment.php(403) : eval()'d code on line 70
2020-04-20 18:20:12 - PHP Notice:  Array to string conversion in /Users/kuzmavladislavvladimirovic/Documents/2020/java_projects/OpenCartBackend/system/library/template/Twig/Environment.php(403) : eval()'d code on line 71
2020-04-20 18:21:20 - PHP Notice:  Array to string conversion in /Users/kuzmavladislavvladimirovic/Documents/2020/java_projects/OpenCartBackend/system/library/template/Twig/Environment.php(403) : eval()'d code on line 71
2020-04-20 18:46:31 - PHP Warning:  filesize(): stat failed for /Users/kuzmavladislavvladimirovic/Documents/2020/java_projects/OpenCartBackend/storage/cache/cache.currency.1587411991 in /Users/kuzmavladislavvladimirovic/Documents/2020/java_projects/OpenCartBackend/system/library/cache/file.php on line 32
2020-04-20 18:46:31 - PHP Warning:  fread(): Length parameter must be greater than 0 in /Users/kuzmavladislavvladimirovic/Documents/2020/java_projects/OpenCartBackend/system/library/cache/file.php on line 32
2020-04-20 19:51:01 - PHP Warning:  unlink(/Users/kuzmavladislavvladimirovic/Documents/2020/java_projects/OpenCartBackend/storage/cache/cache.catalog.language.1587415858): No such file or directory in /Users/kuzmavladislavvladimirovic/Documents/2020/java_projects/OpenCartBackend/system/library/cache/file.php on line 68
2020-04-20 19:51:01 - PHP Warning:  unlink(/Users/kuzmavladislavvladimirovic/Documents/2020/java_projects/OpenCartBackend/storage/cache/cache.catalog.language.1587415861): No such file or directory in /Users/kuzmavladislavvladimirovic/Documents/2020/java_projects/OpenCartBackend/system/library/cache/file.php on line 68
2020-04-20 19:51:16 - PHP Warning:  unlink(/Users/kuzmavladislavvladimirovic/Documents/2020/java_projects/OpenCartBackend/storage/cache/cache.catalog.language.1587415876): No such file or directory in /Users/kuzmavladislavvladimirovic/Documents/2020/java_projects/OpenCartBackend/system/library/cache/file.php on line 68
